This file contains any messages produced by compilers while
running configure, to aid debugging if configure makes a mistake.

It was created by mscript configure 0.1, which was
generated by GNU Autoconf 2.69.  Invocation command line was

  $ ./configure --with-matlab=/usr/local/MATLAB/R2014a/bin --disable-dependency-tracking

## --------- ##
## Platform. ##
## --------- ##

hostname = yypad
uname -m = x86_64
uname -r = 3.13.0-37-generic
uname -s = Linux
uname -v = #64-Ubuntu SMP Mon Sep 22 21:28:38 UTC 2014

/usr/bin/uname -p = unknown
/bin/uname -X     = unknown

/bin/arch              = unknown
/usr/bin/arch -k       = unknown
/usr/convex/getsysinfo = unknown
/usr/bin/hostinfo      = unknown
/bin/machine           = unknown
/usr/bin/oslevel       = unknown
/bin/universe          = unknown

PATH: /home/yy/.nvm/v0.11.13/bin
PATH: /home/yy/google-cloud-sdk/bin
PATH: /home/yy/anaconda/bin
PATH: /usr/lib/lightdm/lightdm
PATH: /usr/local/sbin
PATH: /usr/local/bin
PATH: /usr/sbin
PATH: /usr/bin
PATH: /sbin
PATH: /bin
PATH: /usr/games
PATH: /usr/local/games
PATH: /home/yy/bin
PATH: /home/yy/tools/android-sdk-linux/tools


## ----------- ##
## Core tests. ##
## ----------- ##

configure:2241: checking for a BSD-compatible install
configure:2309: result: /usr/bin/install -c
configure:2320: checking whether build environment is sane
configure:2375: result: yes
configure:2526: checking for a thread-safe mkdir -p
configure:2565: result: /bin/mkdir -p
configure:2572: checking for gawk
configure:2588: found /usr/bin/gawk
configure:2599: result: gawk
configure:2610: checking whether make sets $(MAKE)
configure:2632: result: yes
configure:2661: checking whether make supports nested variables
configure:2678: result: yes
configure:2804: checking whether ln -s works
configure:2808: result: yes
configure:2816: checking for a sed that does not truncate output
configure:2880: result: /bin/sed
configure:2885: checking for grep that handles long lines and -e
configure:2943: result: /bin/grep
configure:2960: checking for python
configure:2978: found /home/yy/anaconda/bin/python
configure:2990: result: /home/yy/anaconda/bin/python
configure:3011: checking for python version
configure:3018: result: 2.7
configure:3030: checking for python platform
configure:3037: result: linux2
configure:3063: checking for python script directory
configure:3098: result: ${prefix}/lib/python2.7/site-packages
configure:3107: checking for python extension module directory
configure:3142: result: ${exec_prefix}/lib/python2.7/site-packages
configure:3165: checking build system type
configure:3179: result: x86_64-unknown-linux-gnu
configure:3199: checking host system type
configure:3212: result: x86_64-unknown-linux-gnu
configure:3310: checking for matlab
configure:3328: found /usr/local/MATLAB/R2014a/bin/matlab
configure:3340: result: /usr/local/MATLAB/R2014a/bin/matlab
configure:3411: checking whether MATLAB is 32-bit or 64-bit
configure:3417: result: 64-bit
configure:3449: checking for mcc
configure:3467: found /usr/local/MATLAB/R2014a/bin/mcc
configure:3479: result: /usr/local/MATLAB/R2014a/bin/mcc
configure:3552: checking whether matlab is properly configured
configure:3556: result: yes
configure:3634: checking for style of include used by make
configure:3662: result: GNU
configure:3733: checking for gcc
configure:3749: found /usr/bin/gcc
configure:3760: result: gcc
configure:3989: checking for C compiler version
configure:3998: gcc --version >&5
gcc (Ubuntu 4.8.2-19ubuntu1) 4.8.2
Copyright (C) 2013 Free Software Foundation, Inc.
This is free software; see the source for copying conditions.  There is NO
warranty; not even for MERCHANTABILITY or FITNESS FOR A PARTICULAR PURPOSE.

configure:4009: $? = 0
configure:3998: gcc -v >&5
Using built-in specs.
COLLECT_GCC=gcc
COLLECT_LTO_WRAPPER=/usr/lib/gcc/x86_64-linux-gnu/4.8/lto-wrapper
Target: x86_64-linux-gnu
Configured with: ../src/configure -v --with-pkgversion='Ubuntu 4.8.2-19ubuntu1' --with-bugurl=file:///usr/share/doc/gcc-4.8/README.Bugs --enable-languages=c,c++,java,go,d,fortran,objc,obj-c++ --prefix=/usr --program-suffix=-4.8 --enable-shared --enable-linker-build-id --libexecdir=/usr/lib --without-included-gettext --enable-threads=posix --with-gxx-include-dir=/usr/include/c++/4.8 --libdir=/usr/lib --enable-nls --with-sysroot=/ --enable-clocale=gnu --enable-libstdcxx-debug --enable-libstdcxx-time=yes --enable-gnu-unique-object --disable-libmudflap --enable-plugin --with-system-zlib --disable-browser-plugin --enable-java-awt=gtk --enable-gtk-cairo --with-java-home=/usr/lib/jvm/java-1.5.0-gcj-4.8-amd64/jre --enable-java-home --with-jvm-root-dir=/usr/lib/jvm/java-1.5.0-gcj-4.8-amd64 --with-jvm-jar-dir=/usr/lib/jvm-exports/java-1.5.0-gcj-4.8-amd64 --with-arch-directory=amd64 --with-ecj-jar=/usr/share/java/eclipse-ecj.jar --enable-objc-gc --enable-multiarch --disable-werror --with-arch-32=i686 --with-abi=m64 --with-multilib-list=m32,m64,mx32 --with-tune=generic --enable-checking=release --build=x86_64-linux-gnu --host=x86_64-linux-gnu --target=x86_64-linux-gnu
Thread model: posix
gcc version 4.8.2 (Ubuntu 4.8.2-19ubuntu1) 
configure:4009: $? = 0
configure:3998: gcc -V >&5
gcc: error: unrecognized command line option '-V'
gcc: fatal error: no input files
compilation terminated.
configure:4009: $? = 4
configure:3998: gcc -qversion >&5
gcc: error: unrecognized command line option '-qversion'
gcc: fatal error: no input files
compilation terminated.
configure:4009: $? = 4
configure:4029: checking whether the C compiler works
configure:4051: gcc    conftest.c  >&5
configure:4055: $? = 0
configure:4103: result: yes
configure:4106: checking for C compiler default output file name
configure:4108: result: a.out
configure:4114: checking for suffix of executables
configure:4121: gcc -o conftest    conftest.c  >&5
configure:4125: $? = 0
configure:4147: result: 
configure:4169: checking whether we are cross compiling
configure:4177: gcc -o conftest    conftest.c  >&5
configure:4181: $? = 0
configure:4188: ./conftest
configure:4192: $? = 0
configure:4207: result: no
configure:4212: checking for suffix of object files
configure:4234: gcc -c   conftest.c >&5
configure:4238: $? = 0
configure:4259: result: o
configure:4263: checking whether we are using the GNU C compiler
configure:4282: gcc -c   conftest.c >&5
configure:4282: $? = 0
configure:4291: result: yes
configure:4300: checking whether gcc accepts -g
configure:4320: gcc -c -g  conftest.c >&5
configure:4320: $? = 0
configure:4361: result: yes
configure:4378: checking for gcc option to accept ISO C89
configure:4441: gcc  -c -g -O2  conftest.c >&5
configure:4441: $? = 0
configure:4454: result: none needed
configure:4479: checking whether gcc understands -c and -o together
configure:4501: gcc -c conftest.c -o conftest2.o
configure:4504: $? = 0
configure:4501: gcc -c conftest.c -o conftest2.o
configure:4504: $? = 0
configure:4516: result: yes
configure:4535: checking dependency style of gcc
configure:4646: result: none
configure:4667: checking how to run the C preprocessor
configure:4698: gcc -E  conftest.c
configure:4698: $? = 0
configure:4712: gcc -E  conftest.c
conftest.c:11:28: fatal error: ac_nonexistent.h: No such file or directory
 #include <ac_nonexistent.h>
                            ^
compilation terminated.
configure:4712: $? = 1
configure: failed program was:
| /* confdefs.h */
| #define PACKAGE_NAME "mscript"
| #define PACKAGE_TARNAME "mscript"
| #define PACKAGE_VERSION "0.1"
| #define PACKAGE_STRING "mscript 0.1"
| #define PACKAGE_BUGREPORT "eugeny.yakimovitch@gmail.com"
| #define PACKAGE_URL ""
| #define MATLABPATH "/usr/local/MATLAB/R2014a/bin"
| #define MATLABARCH "glnxa64"
| /* end confdefs.h.  */
| #include <ac_nonexistent.h>
configure:4737: result: gcc -E
configure:4757: gcc -E  conftest.c
configure:4757: $? = 0
configure:4771: gcc -E  conftest.c
conftest.c:11:28: fatal error: ac_nonexistent.h: No such file or directory
 #include <ac_nonexistent.h>
                            ^
compilation terminated.
configure:4771: $? = 1
configure: failed program was:
| /* confdefs.h */
| #define PACKAGE_NAME "mscript"
| #define PACKAGE_TARNAME "mscript"
| #define PACKAGE_VERSION "0.1"
| #define PACKAGE_STRING "mscript 0.1"
| #define PACKAGE_BUGREPORT "eugeny.yakimovitch@gmail.com"
| #define PACKAGE_URL ""
| #define MATLABPATH "/usr/local/MATLAB/R2014a/bin"
| #define MATLABARCH "glnxa64"
| /* end confdefs.h.  */
| #include <ac_nonexistent.h>
configure:4800: checking for egrep
configure:4862: result: /bin/grep -E
configure:4867: checking for ANSI C header files
configure:4887: gcc -c -g -O2  conftest.c >&5
configure:4887: $? = 0
configure:4960: gcc -o conftest -g -O2   conftest.c  >&5
configure:4960: $? = 0
configure:4960: ./conftest
configure:4960: $? = 0
configure:4971: result: yes
configure:4984: checking for sys/types.h
configure:4984: gcc -c -g -O2  conftest.c >&5
configure:4984: $? = 0
configure:4984: result: yes
configure:4984: checking for sys/stat.h
configure:4984: gcc -c -g -O2  conftest.c >&5
configure:4984: $? = 0
configure:4984: result: yes
configure:4984: checking for stdlib.h
configure:4984: gcc -c -g -O2  conftest.c >&5
configure:4984: $? = 0
configure:4984: result: yes
configure:4984: checking for string.h
configure:4984: gcc -c -g -O2  conftest.c >&5
configure:4984: $? = 0
configure:4984: result: yes
configure:4984: checking for memory.h
configure:4984: gcc -c -g -O2  conftest.c >&5
configure:4984: $? = 0
configure:4984: result: yes
configure:4984: checking for strings.h
configure:4984: gcc -c -g -O2  conftest.c >&5
configure:4984: $? = 0
configure:4984: result: yes
configure:4984: checking for inttypes.h
configure:4984: gcc -c -g -O2  conftest.c >&5
configure:4984: $? = 0
configure:4984: result: yes
configure:4984: checking for stdint.h
configure:4984: gcc -c -g -O2  conftest.c >&5
configure:4984: $? = 0
configure:4984: result: yes
configure:4984: checking for unistd.h
configure:4984: gcc -c -g -O2  conftest.c >&5
configure:4984: $? = 0
configure:4984: result: yes
configure:4999: checking for stdlib.h
configure:4999: result: yes
configure:4999: checking for string.h
configure:4999: result: yes
configure:5016: checking for strspn
configure:5016: gcc -o conftest -g -O2   conftest.c  >&5
conftest.c:46:6: warning: conflicting types for built-in function 'strspn' [enabled by default]
 char strspn ();
      ^
configure:5016: $? = 0
configure:5016: result: yes
configure:5141: checking that generated files are newer than configure
configure:5147: result: done
configure:5182: creating ./config.status

## ---------------------- ##
## Running config.status. ##
## ---------------------- ##

This file was extended by mscript config.status 0.1, which was
generated by GNU Autoconf 2.69.  Invocation command line was

  CONFIG_FILES    = 
  CONFIG_HEADERS  = 
  CONFIG_LINKS    = 
  CONFIG_COMMANDS = 
  $ ./config.status 

on yypad

config.status:888: creating Makefile
config.status:888: creating config.h
config.status:1069: config.h is unchanged
config.status:1117: executing depfiles commands

## ---------------- ##
## Cache variables. ##
## ---------------- ##

ac_cv_build=x86_64-unknown-linux-gnu
ac_cv_c_compiler_gnu=yes
ac_cv_env_CC_set=
ac_cv_env_CC_value=
ac_cv_env_CFLAGS_set=
ac_cv_env_CFLAGS_value=
ac_cv_env_CPPFLAGS_set=
ac_cv_env_CPPFLAGS_value=
ac_cv_env_CPP_set=
ac_cv_env_CPP_value=
ac_cv_env_LDFLAGS_set=
ac_cv_env_LDFLAGS_value=
ac_cv_env_LIBS_set=
ac_cv_env_LIBS_value=
ac_cv_env_PYTHON_set=
ac_cv_env_PYTHON_value=
ac_cv_env_build_alias_set=
ac_cv_env_build_alias_value=
ac_cv_env_host_alias_set=
ac_cv_env_host_alias_value=
ac_cv_env_target_alias_set=
ac_cv_env_target_alias_value=
ac_cv_func_strspn=yes
ac_cv_header_inttypes_h=yes
ac_cv_header_memory_h=yes
ac_cv_header_stdc=yes
ac_cv_header_stdint_h=yes
ac_cv_header_stdlib_h=yes
ac_cv_header_string_h=yes
ac_cv_header_strings_h=yes
ac_cv_header_sys_stat_h=yes
ac_cv_header_sys_types_h=yes
ac_cv_header_unistd_h=yes
ac_cv_host=x86_64-unknown-linux-gnu
ac_cv_objext=o
ac_cv_path_EGREP='/bin/grep -E'
ac_cv_path_GREP=/bin/grep
ac_cv_path_PYTHON=/home/yy/anaconda/bin/python
ac_cv_path_SED=/bin/sed
ac_cv_path_install='/usr/bin/install -c'
ac_cv_path_matlab=/usr/local/MATLAB/R2014a/bin/matlab
ac_cv_path_mcc=/usr/local/MATLAB/R2014a/bin/mcc
ac_cv_path_mkdir=/bin/mkdir
ac_cv_prog_AWK=gawk
ac_cv_prog_CPP='gcc -E'
ac_cv_prog_ac_ct_CC=gcc
ac_cv_prog_cc_c89=
ac_cv_prog_cc_g=yes
ac_cv_prog_make_make_set=yes
am_cv_CC_dependencies_compiler_type=none
am_cv_make_support_nested_variables=yes
am_cv_prog_cc_c_o=yes
am_cv_python_platform=linux2
am_cv_python_pyexecdir='${exec_prefix}/lib/python2.7/site-packages'
am_cv_python_pythondir='${prefix}/lib/python2.7/site-packages'
am_cv_python_version=2.7

## ----------------- ##
## Output variables. ##
## ----------------- ##

ACLOCAL='${SHELL} /home/yy/dev/matlab/mscript/missing aclocal-1.14'
AMDEPBACKSLASH=''
AMDEP_FALSE=''
AMDEP_TRUE='#'
AMTAR='$${TAR-tar}'
AM_BACKSLASH='\'
AM_DEFAULT_V='$(AM_DEFAULT_VERBOSITY)'
AM_DEFAULT_VERBOSITY='1'
AM_V='$(V)'
AUTOCONF='${SHELL} /home/yy/dev/matlab/mscript/missing autoconf'
AUTOHEADER='${SHELL} /home/yy/dev/matlab/mscript/missing autoheader'
AUTOMAKE='${SHELL} /home/yy/dev/matlab/mscript/missing automake-1.14'
AWK='gawk'
CC='gcc'
CCDEPMODE='depmode=none'
CFLAGS='-g -O2'
CPP='gcc -E'
CPPFLAGS=''
CYGPATH_W='echo'
DEFS='-DHAVE_CONFIG_H'
DEPDIR='.deps'
ECHO_C=''
ECHO_N='-n'
ECHO_T=''
EGREP='/bin/grep -E'
EXEEXT=''
GREP='/bin/grep'
INSTALL_DATA='${INSTALL} -m 644'
INSTALL_PROGRAM='${INSTALL}'
INSTALL_SCRIPT='${INSTALL}'
INSTALL_STRIP_PROGRAM='$(install_sh) -c -s'
LDFLAGS=''
LIBOBJS=''
LIBS=''
LN_S='ln -s'
LTLIBOBJS=''
MACBUNDLE_FALSE=''
MACBUNDLE_TRUE='#'
MAKEINFO='${SHELL} /home/yy/dev/matlab/mscript/missing makeinfo'
MATLAB='/usr/local/MATLAB/R2014a/bin/matlab'
MATLABBITS='64'
MATLABFLAGS=''
MATLABPATH='/usr/local/MATLAB/R2014a/bin'
MCC='"/usr/local/MATLAB/R2014a/bin/mcc" '
MKDIR_P='/bin/mkdir -p'
OBJEXT='o'
PACKAGE='mscript'
PACKAGE_BUGREPORT='eugeny.yakimovitch@gmail.com'
PACKAGE_NAME='mscript'
PACKAGE_STRING='mscript 0.1'
PACKAGE_TARNAME='mscript'
PACKAGE_URL=''
PACKAGE_VERSION='0.1'
PATH_SEPARATOR=':'
PROG_NAME='Mscript'
PYTHON='/home/yy/anaconda/bin/python'
PYTHON_EXEC_PREFIX='${exec_prefix}'
PYTHON_PLATFORM='linux2'
PYTHON_PREFIX='${prefix}'
PYTHON_VERSION='2.7'
SED='/bin/sed'
SET_MAKE=''
SHELL='/bin/bash'
SIXTYFOUR_FALSE='#'
SIXTYFOUR_TRUE=''
STRIP=''
THIRTYTWO_FALSE=''
THIRTYTWO_TRUE='#'
VERSION='0.1'
ac_ct_CC='gcc'
am__EXEEXT_FALSE=''
am__EXEEXT_TRUE='#'
am__fastdepCC_FALSE=''
am__fastdepCC_TRUE='#'
am__include='include'
am__isrc=''
am__leading_dot='.'
am__nodep=''
am__quote=''
am__tar='$${TAR-tar} chof - "$$tardir"'
am__untar='$${TAR-tar} xf -'
bindir='${exec_prefix}/bin'
build='x86_64-unknown-linux-gnu'
build_alias=''
build_cpu='x86_64'
build_os='linux-gnu'
build_vendor='unknown'
datadir='${datarootdir}'
datarootdir='${prefix}/share'
docdir='${datarootdir}/doc/${PACKAGE_TARNAME}'
dvidir='${docdir}'
exec_prefix='${prefix}'
host='x86_64-unknown-linux-gnu'
host_alias=''
host_cpu='x86_64'
host_os='linux-gnu'
host_vendor='unknown'
htmldir='${docdir}'
includedir='${prefix}/include'
infodir='${datarootdir}/info'
install_sh='${SHELL} /home/yy/dev/matlab/mscript/install-sh'
libdir='${exec_prefix}/lib'
libexecdir='${exec_prefix}/libexec'
localedir='${datarootdir}/locale'
localstatedir='${prefix}/var'
mandir='${datarootdir}/man'
matlab='/usr/local/MATLAB/R2014a/bin/matlab'
mcc='/usr/local/MATLAB/R2014a/bin/mcc'
mkdir_p='$(MKDIR_P)'
oldincludedir='/usr/include'
pdfdir='${docdir}'
pkgpyexecdir='${pyexecdir}/mscript'
pkgpythondir='${pythondir}/mscript'
prefix='/usr/local'
program_transform_name='s,x,x,'
psdir='${docdir}'
pyexecdir='${exec_prefix}/lib/python2.7/site-packages'
pythondir='${prefix}/lib/python2.7/site-packages'
sbindir='${exec_prefix}/sbin'
sharedstatedir='${prefix}/com'
sysconfdir='${prefix}/etc'
target_alias=''

## ----------- ##
## confdefs.h. ##
## ----------- ##

/* confdefs.h */
#define PACKAGE_NAME "mscript"
#define PACKAGE_TARNAME "mscript"
#define PACKAGE_VERSION "0.1"
#define PACKAGE_STRING "mscript 0.1"
#define PACKAGE_BUGREPORT "eugeny.yakimovitch@gmail.com"
#define PACKAGE_URL ""
#define MATLABPATH "/usr/local/MATLAB/R2014a/bin"
#define MATLABARCH "glnxa64"
#define STDC_HEADERS 1
#define HAVE_SYS_TYPES_H 1
#define HAVE_SYS_STAT_H 1
#define HAVE_STDLIB_H 1
#define HAVE_STRING_H 1
#define HAVE_MEMORY_H 1
#define HAVE_STRINGS_H 1
#define HAVE_INTTYPES_H 1
#define HAVE_STDINT_H 1
#define HAVE_UNISTD_H 1
#define HAVE_STDLIB_H 1
#define HAVE_STRING_H 1
#define HAVE_STRSPN 1

configure: exit 0
